#
# There is insufficient memory for the Java Runtime Environment to continue.
# Native memory allocation (mmap) failed to map 201326592 bytes for G1 virtual space
# Possible reasons:
#   The system is out of physical RAM or swap space
#   The process is running with CompressedOops enabled, and the Java Heap may be blocking the growth of the native heap
# Possible solutions:
#   Reduce memory load on the system
#   Increase physical memory or swap space
#   Check if swap backing store is full
#   Decrease Java heap size (-Xmx/-Xms)
#   Decrease number of Java threads
#   Decrease Java thread stack sizes (-Xss)
#   Set larger code cache with -XX:ReservedCodeCacheSize=
#   JVM is running with Zero Based Compressed Oops mode in which the Java heap is
#     placed in the first 32GB address space. The Java Heap base address is the
#     maximum limit for the native heap growth. Please use -XX:HeapBaseMinAddress
#     to set the Java Heap base and to place the Java Heap above 32GB virtual address.
# This output file may be truncated or incomplete.
#
#  Out of Memory Error (os_windows.cpp:3527), pid=14124, tid=14520
#
# JRE version:  (19.0.1+10) (build )
# Java VM: Java HotSpot(TM) 64-Bit Server VM (19.0.1+10-21, mixed mode, sharing, tiered, compressed oops, compressed class ptrs, g1 gc, windows-amd64)
# No core dump will be written. Minidumps are not enabled by default on client versions of Windows
#

---------------  S U M M A R Y ------------

Command Line: -Dfile.encoding=UTF-8 -XX:+ShowCodeDetailsInExceptionMessages com.layer.profileDetails.ProfileApplication

Host: Intel(R) Core(TM) i5-2310 CPU @ 2.90GHz, 4 cores, 11G,  Windows 11 , 64 bit Build 22621 (10.0.22621.755)
Time: Wed Sep  6 18:41:55 2023 India Standard Time elapsed time: 0.037431 seconds (0d 0h 0m 0s)

---------------  T H R E A D  ---------------

Current thread (0x000001e02df78060):  JavaThread "Unknown thread" [_thread_in_vm, id=14520, stack(0x0000008577f00000,0x0000008578000000)]

Stack: [0x0000008577f00000,0x0000008578000000]
Native frames: (J=compiled Java code, j=interpreted, Vv=VM code, C=native code)
V  [jvm.dll+0x6ee8fa]
V  [jvm.dll+0x857a1e]
V  [jvm.dll+0x85940e]
V  [jvm.dll+0x859ac3]
V  [jvm.dll+0x28291f]
V  [jvm.dll+0x6eb6e9]
V  [jvm.dll+0x6e028a]
V  [jvm.dll+0x357136]
V  [jvm.dll+0x35eb96]
V  [jvm.dll+0x3b555e]
V  [jvm.dll+0x3b578f]
V  [jvm.dll+0x32c6ea]
V  [jvm.dll+0x32d59e]
V  [jvm.dll+0x821b20]
V  [jvm.dll+0x3c27c1]
V  [jvm.dll+0x8022f1]
V  [jvm.dll+0x44b30f]
V  [jvm.dll+0x44cc91]
C  [jli.dll+0x5287]
C  [ucrtbase.dll+0x29363]
C  [KERNEL32.DLL+0x1244d]
C  [ntdll.dll+0x5dfb8]


---------------  P R O C E S S  ---------------

Threads class SMR info:
_java_thread_list=0x00007fff9320d048, length=0, elements={
}

Java Threads: ( => current thread )

Other Threads:
  0x000001e02dfd6830 WorkerThread "GC Thread#0" [stack: 0x0000008578100000,0x0000008578200000] [id=1780]
  0x000001e02dfe3720 ConcurrentGCThread "G1 Main Marker" [stack: 0x0000008578200000,0x0000008578300000] [id=17656]
  0x000001e02dfe4150 WorkerThread "G1 Conc#0" [stack: 0x0000008578300000,0x0000008578400000] [id=16832]

[error occurred during error reporting (printing all threads), id 0xc0000005, EXCEPTION_ACCESS_VIOLATION (0xc0000005) at pc=0x00007fff929cd127]

VM state: not at safepoint (not fully initialized)

VM Mutex/Monitor currently owned by a thread:  ([mutex/lock_event])
[0x000001e02df72ad0] Heap_lock - owner thread: 0x000001e02df78060

Heap address: 0x0000000740600000, size: 3066 MB, Compressed Oops mode: Zero based, Oop shift amount: 3

CDS archive(s) mapped at: [0x0000000000000000-0x0000000000000000-0x0000000000000000), size 0, SharedBaseAddress: 0x0000000800000000, ArchiveRelocationMode: 0.
Narrow klass base: 0x0000000000000000, Narrow klass shift: 0, Narrow klass range: 0x0

GC Precious Log:
 CardTable entry size: 512
 Card Set container configuration: InlinePtr #cards 4 size 8 Array Of Cards #cards 16 size 48 Howl #buckets 8 coarsen threshold 3686 Howl Bitmap #cards 512 size 80 coarsen threshold 460 Card regions per heap region 1 cards per card region 4096

Heap:
 garbage-first heap   total 0K, used 0K [0x0000000740600000, 0x0000000800000000)
  region size 2048K, 0 young (0K), 0 survivors (0K)

[error occurred during error reporting (printing heap information), id 0xc0000005, EXCEPTION_ACCESS_VIOLATION (0xc0000005) at pc=0x00007fff92dd6959]

GC Heap History (0 events):
No events

Dll operation events (1 events):
Event: 0.025 Loaded shared library C:\Program Files\Java\jdk-19\bin\java.dll

Deoptimization events (0 events):
No events

Classes loaded (0 events):
No events

Classes unloaded (0 events):
No events

Classes redefined (0 events):
No events

Internal exceptions (0 events):
No events

VM Operations (0 events):
No events

Events (0 events):
No events


Dynamic libraries:
0x00007ff7bf880000 - 0x00007ff7bf890000 	C:\Program Files\Java\jdk-19\bin\javaw.exe
0x00007ff805030000 - 0x00007ff805244000 	C:\Windows\SYSTEM32\ntdll.dll
0x00007ff804950000 - 0x00007ff804a12000 	C:\Windows\System32\KERNEL32.DLL
0x00007ff802690000 - 0x00007ff802a2d000 	C:\Windows\System32\KERNELBASE.dll
0x00007ff802c60000 - 0x00007ff802d71000 	C:\Windows\System32\ucrtbase.dll
0x00007fffdaff0000 - 0x00007fffdb008000 	C:\Program Files\Java\jdk-19\bin\jli.dll
0x00007ff804e90000 - 0x00007ff804f3e000 	C:\Windows\System32\ADVAPI32.dll
0x00007ff802fe0000 - 0x00007ff803087000 	C:\Windows\System32\msvcrt.dll
0x00007ff803100000 - 0x00007ff8031a4000 	C:\Windows\System32\sechost.dll
0x00007ff804ab0000 - 0x00007ff804bc5000 	C:\Windows\System32\RPCRT4.dll
0x00007ff802e30000 - 0x00007ff802fda000 	C:\Windows\System32\USER32.dll
0x00007ff802d80000 - 0x00007ff802da6000 	C:\Windows\System32\win32u.dll
0x00007ff804920000 - 0x00007ff804949000 	C:\Windows\System32\GDI32.dll
0x00007ff802a30000 - 0x00007ff802b42000 	C:\Windows\System32\gdi32full.dll
0x00007ff802bc0000 - 0x00007ff802c5a000 	C:\Windows\System32\msvcp_win.dll
0x00007fffdace0000 - 0x00007fffdacfb000 	C:\Program Files\Java\jdk-19\bin\VCRUNTIME140.dll
0x00007fffed090000 - 0x00007fffed31e000 	C:\Windows\WinSxS\amd64_microsoft.windows.common-controls_6595b64144ccf1df_6.0.22621.608_none_a9444ca7c10bb01d\COMCTL32.dll
0x00007ffffc170000 - 0x00007ffffc17a000 	C:\Windows\SYSTEM32\VERSION.dll
0x00007ff804fb0000 - 0x00007ff804fe2000 	C:\Windows\System32\IMM32.DLL
0x00007fffdc540000 - 0x00007fffdc54c000 	C:\Program Files\Java\jdk-19\bin\vcruntime140_1.dll
0x00007fff964a0000 - 0x00007fff9652e000 	C:\Program Files\Java\jdk-19\bin\msvcp140.dll
0x00007fff92690000 - 0x00007fff93350000 	C:\Program Files\Java\jdk-19\bin\server\jvm.dll
0x00007fffeb630000 - 0x00007fffeb639000 	C:\Windows\SYSTEM32\WSOCK32.dll
0x00007ff8034a0000 - 0x00007ff803511000 	C:\Windows\System32\WS2_32.dll
0x00007ffffaa90000 - 0x00007ffffaac4000 	C:\Windows\SYSTEM32\WINMM.dll
0x00007ff801500000 - 0x00007ff801518000 	C:\Windows\SYSTEM32\kernel.appcore.dll
0x00007fffdb460000 - 0x00007fffdb46a000 	C:\Program Files\Java\jdk-19\bin\jimage.dll
0x00007fffea9a0000 - 0x00007fffeabce000 	C:\Windows\SYSTEM32\DBGHELP.DLL
0x00007ff803fb0000 - 0x00007ff80433a000 	C:\Windows\System32\combase.dll
0x00007ff804bd0000 - 0x00007ff804ca7000 	C:\Windows\System32\OLEAUT32.dll
0x00007fffe3f70000 - 0x00007fffe3fa2000 	C:\Windows\SYSTEM32\dbgcore.DLL
0x00007ff802db0000 - 0x00007ff802e2b000 	C:\Windows\System32\bcryptPrimitives.dll
0x00007fffca0c0000 - 0x00007fffca0e6000 	C:\Program Files\Java\jdk-19\bin\java.dll

dbghelp: loaded successfully - version: 4.0.5 - missing functions: none
symbol engine: initialized successfully - sym options: 0x614 - pdb path: .;C:\Program Files\Java\jdk-19\bin;C:\Windows\SYSTEM32;C:\Windows\WinSxS\amd64_microsoft.windows.common-controls_6595b64144ccf1df_6.0.22621.608_none_a9444ca7c10bb01d;C:\Program Files\Java\jdk-19\bin\server

VM Arguments:
jvm_args: -Dfile.encoding=UTF-8 -XX:+ShowCodeDetailsInExceptionMessages 
java_command: com.layer.profileDetails.ProfileApplication
java_class_path (initial): C:\Users\SHA\Documents\Temp Workspace\Temp WebService\profile-details\target\classes
Launcher Type: SUN_STANDARD

[Global flags]
     intx CICompilerCount                          = 3                                         {product} {ergonomic}
     uint ConcGCThreads                            = 1                                         {product} {ergonomic}
     uint G1ConcRefinementThreads                  = 4                                         {product} {ergonomic}
   size_t G1HeapRegionSize                         = 2097152                                   {product} {ergonomic}
    uintx GCDrainStackTargetSize                   = 64                                        {product} {ergonomic}
   size_t InitialHeapSize                          = 201326592                                 {product} {ergonomic}
   size_t MarkStackSize                            = 4194304                                   {product} {ergonomic}
   size_t MaxHeapSize                              = 3214934016                                {product} {ergonomic}
   size_t MinHeapDeltaBytes                        = 2097152                                   {product} {ergonomic}
   size_t MinHeapSize                              = 8388608                                   {product} {ergonomic}
    uintx NonNMethodCodeHeapSize                   = 5832780                                {pd product} {ergonomic}
    uintx NonProfiledCodeHeapSize                  = 122912730                              {pd product} {ergonomic}
    uintx ProfiledCodeHeapSize                     = 122912730                              {pd product} {ergonomic}
    uintx ReservedCodeCacheSize                    = 251658240                              {pd product} {ergonomic}
     bool SegmentedCodeCache                       = true                                      {product} {ergonomic}
     bool ShowCodeDetailsInExceptionMessages       = true                                   {manageable} {command line}
   size_t SoftMaxHeapSize                          = 3214934016                             {manageable} {ergonomic}
     bool UseCompressedClassPointers               = true                           {product lp64_product} {ergonomic}
     bool UseCompressedOops                        = true                           {product lp64_product} {ergonomic}
     bool UseG1GC                                  = true                                      {product} {ergonomic}
     bool UseLargePagesIndividualAllocation        = false                                  {pd product} {ergonomic}

Logging:
Log output configuration:
 #0: stdout all=warning uptime,level,tags foldmultilines=false
 #1: stderr all=off uptime,level,tags foldmultilines=false

Environment Variables:
PATH=C:/Program Files/Eclipse_2023_03//plugins/org.eclipse.justj.openjdk.hotspot.jre.full.win32.x86_64_17.0.6.v20230204-1729/jre/bin/server;C:/Program Files/Eclipse_2023_03//plugins/org.eclipse.justj.openjdk.hotspot.jre.full.win32.x86_64_17.0.6.v20230204-1729/jre/bin;C:\Program Files (x86)\VMware\VMware Player\bin\;C:\Program Files\Common Files\Oracle\Java\javapath;C:\Windows\system32;C:\Windows;C:\Windows\System32\Wbem;C:\Windows\System32\WindowsPowerShell\v1.0\;C:\Windows\System32\OpenSSH\;C:\Program Files (x86)\NVIDIA Corporation\PhysX\Common;C:\Program Files\Microsoft SQL Server\Client SDK\ODBC\170\Tools\Binn\;C:\Program Files (x86)\Microsoft SQL Server\150\Tools\Binn\;C:\Program Files\Microsoft SQL Server\150\Tools\Binn\;C:\Program Files\Microsoft SQL Server\150\DTS\Binn\;C:\Program Files (x86)\Windows Kits\8.1\Windows Performance Toolkit\;C:\Program Files\Crucial\Crucial Storage Executive;C:\Program Files\Git\cmd;C:\Program Files\nodejs\;C:\Program Files (x86)\AOMEI\AOMEI Backupper\7.1.2(1);C:\Program Files\Calibre2\;C:\Program Files\Streamlink\bin;C:\Program Files\MySQL\MySQL Shell 8.0\bin\;C:\Users\SHA\AppData\Local\Microsoft\WindowsApps;C:\Users\SHA\AppData\Local\Programs\Microsoft VS Code\bin;C:\Users\SHA\AppData\Roaming\npm;C:\Program Files (x86)\Common Files\apache-maven-3.8.6\bin;;C:\Program Files\Eclipse_2023_03;
USERNAME=SHA
OS=Windows_NT
PROCESSOR_IDENTIFIER=Intel64 Family 6 Model 42 Stepping 7, GenuineIntel
TMP=C:\Users\SHA\AppData\Local\Temp
TEMP=C:\Users\SHA\AppData\Local\Temp



---------------  S Y S T E M  ---------------

OS:
 Windows 11 , 64 bit Build 22621 (10.0.22621.755)
OS uptime: 1 days 0:16 hours
Hyper-V role detected

CPU: total 4 (initial active 4) (4 cores per cpu, 1 threads per core) family 6 model 42 stepping 7 microcode 0x2f, cx8, cmov, fxsr, mmx, sse, sse2, sse3, ssse3, sse4.1, sse4.2, popcnt, tsc, tscinvbit, avx, aes, clmul, vzeroupper, clflush, hv, rdtscp

Memory: 4k page, system-wide physical 12258M (3024M free)
TotalPageFile size 14164M (AvailPageFile size 70M)
current process WorkingSet (physical memory assigned to process): 11M, peak: 11M
current process commit charge ("private bytes"): 52M, peak: 244M

vm_info: Java HotSpot(TM) 64-Bit Server VM (19.0.1+10-21) for windows-amd64 JRE (19.0.1+10-21), built on 2022-09-14T12:45:06Z by "mach5one" with MS VC++ 17.1 (VS2022)

END.
